<?xml version="1.0" encoding="UTF-8"?>
<!-- Generated by org.testng.reporters.JUnitReportReporter -->
<testsuite hostname="Mihira" failures="0" tests="1" name="com.herokuapp.theinternet.PositiveTest" time="20.322" errors="0" timestamp="2019-09-24T17:25:26 EDT" skipped="0">
  <testcase classname="com.herokuapp.theinternet.PositiveTest" name="loginTest" time="20.322"/>
</testsuite> <!-- com.herokuapp.theinternet.PositiveTest -->
